<?xml version="1.0" encoding="UTF-8"?>
<testsuite xmlns:xsi="http://www.w3.org/2001/XMLSchema-instance" xsi:noNamespaceSchemaLocation="https://maven.apache.org/surefire/maven-surefire-plugin/xsd/surefire-test-report-3.0.xsd" version="3.0" name="TestSuite" time="23.143" tests="3" errors="0" skipped="0" failures="0">
  <properties>
[...]
</properties>
  <testcase name="runScenario[&quot;Login is successful with valid credentials&quot;, &quot;Login page automation of sauceDemo application&quot;](1)" classname="TestRunner.testRunner" time="6.829">
    <system-out><![CDATA[
@tag
Scenario Outline: Login is successful with valid credentials &amp#27;[90m# src/test/resources/Feature/login.feature:12&amp#27;[0m
  &amp#27;[32mGiven &amp#27;[0m&amp#27;[32muser is on login page&amp#27;[0m                                &amp#27;[90m# StepDefinitions.loginstepDefinition.user_is_on_login_page()&amp#27;[0m
  &amp#27;[32mWhen &amp#27;[0m&amp#27;[32muser enters valid &amp#27;[0m&amp#27;[32m&amp#27;[1m"standard_user"&amp#27;[0m&amp#27;[32m and &amp#27;[0m&amp#27;[32m&amp#27;[1m"secret_sauce"&amp#27;[0m  &amp#27;[90m# StepDefinitions.loginstepDefinition.user_enters_valid_username_and_password(java.lang.String,java.lang.String)&amp#27;[0m
  &amp#27;[32mThen &amp#27;[0m&amp#27;[32muser is navigated to home page&amp#27;[0m                        &amp#27;[90m# StepDefinitions.loginstepDefinition.user_is_navigated_to_home_page()&amp#27;[0m
  &amp#27;[32mAnd &amp#27;[0m&amp#27;[32mclose the browser&amp#27;[0m                                      &amp#27;[90m# StepDefinitions.loginstepDefinition.close_the_browser()&amp#27;[0m
]]></system-out>
    <system-err><![CDATA[SLF4J(W): No SLF4J providers were found.
SLF4J(W): Defaulting to no-operation (NOP) logger implementation
SLF4J(W): See https://www.slf4j.org/codes.html#noProviders for further details.
]]></system-err>
  </testcase>
  <testcase name="runScenario[&quot;Login is successful with valid credentials&quot;, &quot;Login page automation of sauceDemo application&quot;](2)" classname="TestRunner.testRunner" time="4.54">
    <system-out><![CDATA[
@tag
Scenario Outline: Login is successful with valid credentials &amp#27;[90m# src/test/resources/Feature/login.feature:14&amp#27;[0m
  &amp#27;[32mGiven &amp#27;[0m&amp#27;[32muser is on login page&amp#27;[0m                                &amp#27;[90m# StepDefinitions.loginstepDefinition.user_is_on_login_page()&amp#27;[0m
  &amp#27;[32mWhen &amp#27;[0m&amp#27;[32muser enters valid &amp#27;[0m&amp#27;[32m&amp#27;[1m"problem_user"&amp#27;[0m&amp#27;[32m and &amp#27;[0m&amp#27;[32m&amp#27;[1m"secret_sauce"&amp#27;[0m   &amp#27;[90m# StepDefinitions.loginstepDefinition.user_enters_valid_username_and_password(java.lang.String,java.lang.String)&amp#27;[0m
  &amp#27;[32mThen &amp#27;[0m&amp#27;[32muser is navigated to home page&amp#27;[0m                        &amp#27;[90m# StepDefinitions.loginstepDefinition.user_is_navigated_to_home_page()&amp#27;[0m
  &amp#27;[32mAnd &amp#27;[0m&amp#27;[32mclose the browser&amp#27;[0m                                      &amp#27;[90m# StepDefinitions.loginstepDefinition.close_the_browser()&amp#27;[0m
]]></system-out>
  </testcase>
  <testcase name="runScenario[&quot;Login is successful with valid credentials&quot;, &quot;Login page automation of sauceDemo application&quot;](3)" classname="TestRunner.testRunner" time="10.438">
    <system-out><![CDATA[
@tag
Scenario Outline: Login is successful with valid credentials          &amp#27;[90m# src/test/resources/Feature/login.feature:15&amp#27;[0m
  &amp#27;[32mGiven &amp#27;[0m&amp#27;[32muser is on login page&amp#27;[0m                                         &amp#27;[90m# StepDefinitions.loginstepDefinition.user_is_on_login_page()&amp#27;[0m
  &amp#27;[32mWhen &amp#27;[0m&amp#27;[32muser enters valid &amp#27;[0m&amp#27;[32m&amp#27;[1m"performance_glitch_user"&amp#27;[0m&amp#27;[32m and &amp#27;[0m&amp#27;[32m&amp#27;[1m"secret_sauce"&amp#27;[0m &amp#27;[90m# StepDefinitions.loginstepDefinition.user_enters_valid_username_and_password(java.lang.String,java.lang.String)&amp#27;[0m
  &amp#27;[32mThen &amp#27;[0m&amp#27;[32muser is navigated to home page&amp#27;[0m                                 &amp#27;[90m# StepDefinitions.loginstepDefinition.user_is_navigated_to_home_page()&amp#27;[0m
  &amp#27;[32mAnd &amp#27;[0m&amp#27;[32mclose the browser&amp#27;[0m                                               &amp#27;[90m# StepDefinitions.loginstepDefinition.close_the_browser()&amp#27;[0m
]]></system-out>
  </testcase>
</testsuite>